<?xml version="1.0" encoding="UTF-8"?>
<!-- Generated by org.testng.reporters.JUnitReportReporter -->
<testsuite hostname="Kanchan" failures="0" tests="1" name="com.vtiger.testCases.TC_CreateOrgni_002" time="16.193" errors="0" timestamp="2024-08-10T02:24:03 IST" skipped="0">
  <testcase classname="com.vtiger.testCases.TC_CreateOrgni_002" name="createOrganization" time="16.193"/>
</testsuite> <!-- com.vtiger.testCases.TC_CreateOrgni_002 -->
