<?xml version="1.0" encoding="UTF-8"?>
<!-- Generated by org.testng.reporters.JUnitReportReporter -->
<testsuite hostname="Kanchan" failures="0" tests="1" name="com.vtiger.testCases.TC_LoginTest_001" time="2.979" errors="0" timestamp="2024-08-14T21:15:29 IST" skipped="0">
  <testcase classname="com.vtiger.testCases.TC_LoginTest_001" name="LoginTest" time="2.979"/>
  <system-out/>
</testsuite> <!-- com.vtiger.testCases.TC_LoginTest_001 -->
